Number of CUDA devices: 1
Using device: NVIDIA L4
Input directory: data
Output directory: output
Blur radius: 2
-------------------------------------------
Processed: img_070.bmp (175x193) -> output/img_070_gray.png [GPU: 0.03 ms]
Processed: img_034.bmp (216x106) -> output/img_034_gray.png [GPU: 0.01 ms]
Processed: img_115.bmp (235x223) -> output/img_115_gray.png [GPU: 0.01 ms]
Processed: img_016.bmp (113x194) -> output/img_016_gray.png [GPU: 0.02 ms]
Processed: img_052.bmp (138x219) -> output/img_052_gray.png [GPU: 0.01 ms]
Processed: img_133.bmp (227x143) -> output/img_133_gray.png [GPU: 0.01 ms]
Processed: img_007.bmp (241x165) -> output/img_007_gray.png [GPU: 0.02 ms]
Processed: img_043.bmp (81x221) -> output/img_043_gray.png [GPU: 0.02 ms]
Processed: img_124.bmp (184x208) -> output/img_124_gray.png [GPU: 0.01 ms]
Processed: img_025.bmp (95x236) -> output/img_025_gray.png [GPU: 0.01 ms]
Processed: img_106.bmp (213x134) -> output/img_106_gray.png [GPU: 0.01 ms]
Processed: img_061.bmp (116x171) -> output/img_061_gray.png [GPU: 0.01 ms]
Processed: img_142.bmp (173x94) -> output/img_142_gray.png [GPU: 0.01 ms]
Processed: img_078.bmp (225x197) -> output/img_078_gray.png [GPU: 0.01 ms]
Processed: img_096.bmp (204x170) -> output/img_096_gray.png [GPU: 0.01 ms]
Processed: img_087.bmp (95x202) -> output/img_087_gray.png [GPU: 0.02 ms]
Processed: img_069.bmp (92x121) -> output/img_069_gray.png [GPU: 0.02 ms]
Processed: img_074.bmp (70x252) -> output/img_074_gray.png [GPU: 0.01 ms]
Processed: img_119.bmp (209x140) -> output/img_119_gray.png [GPU: 0.01 ms]
Processed: img_038.bmp (232x140) -> output/img_038_gray.png [GPU: 0.01 ms]
Processed: img_092.bmp (159x96) -> output/img_092_gray.png [GPU: 0.02 ms]
Processed: img_137.bmp (189x133) -> output/img_137_gray.png [GPU: 0.01 ms]
Processed: img_056.bmp (129x112) -> output/img_056_gray.png [GPU: 0.02 ms]
Processed: img_083.bmp (205x236) -> output/img_083_gray.png [GPU: 0.01 ms]
Processed: img_128.bmp (199x162) -> output/img_128_gray.png [GPU: 0.01 ms]
Processed: img_047.bmp (183x181) -> output/img_047_gray.png [GPU: 0.01 ms]
Processed: img_029.bmp (84x151) -> output/img_029_gray.png [GPU: 0.02 ms]
Processed: img_146.bmp (76x248) -> output/img_146_gray.png [GPU: 0.02 ms]
Processed: img_065.bmp (98x241) -> output/img_065_gray.png [GPU: 0.01 ms]
Processed: img_003.bmp (147x191) -> output/img_003_gray.png [GPU: 0.01 ms]
Processed: img_120.bmp (87x170) -> output/img_120_gray.png [GPU: 0.02 ms]
Processed: img_102.bmp (161x213) -> output/img_102_gray.png [GPU: 0.01 ms]
Processed: img_021.bmp (95x202) -> output/img_021_gray.png [GPU: 0.02 ms]
Processed: img_012.bmp (178x123) -> output/img_012_gray.png [GPU: 0.01 ms]
Processed: img_111.bmp (226x150) -> output/img_111_gray.png [GPU: 0.01 ms]
Processed: img_030.bmp (147x149) -> output/img_030_gray.png [GPU: 0.01 ms]
Processed: img_072.bmp (113x214) -> output/img_072_gray.png [GPU: 0.02 ms]
Processed: img_036.bmp (151x103) -> output/img_036_gray.png [GPU: 0.02 ms]
Processed: img_117.bmp (150x147) -> output/img_117_gray.png [GPU: 0.02 ms]
Processed: img_090.bmp (251x238) -> output/img_090_gray.png [GPU: 0.01 ms]
Processed: img_018.bmp (140x124) -> output/img_018_gray.png [GPU: 0.02 ms]
Processed: img_054.bmp (96x226) -> output/img_054_gray.png [GPU: 0.01 ms]
Processed: img_135.bmp (203x104) -> output/img_135_gray.png [GPU: 0.02 ms]
Processed: img_081.bmp (94x190) -> output/img_081_gray.png [GPU: 0.01 ms]
Processed: img_009.bmp (172x157) -> output/img_009_gray.png [GPU: 0.02 ms]
Processed: img_045.bmp (194x155) -> output/img_045_gray.png [GPU: 0.01 ms]
Processed: img_126.bmp (177x179) -> output/img_126_gray.png [GPU: 0.01 ms]
Processed: img_027.bmp (225x206) -> output/img_027_gray.png [GPU: 0.01 ms]
Processed: img_108.bmp (131x139) -> output/img_108_gray.png [GPU: 0.02 ms]
Processed: img_063.bmp (78x214) -> output/img_063_gray.png [GPU: 0.01 ms]
Processed: img_144.bmp (88x192) -> output/img_144_gray.png [GPU: 0.01 ms]
Processed: img_001.bmp (153x150) -> output/img_001_gray.png [GPU: 0.02 ms]
Processed: img_098.bmp (219x150) -> output/img_098_gray.png [GPU: 0.01 ms]
Processed: img_100.bmp (78x137) -> output/img_100_gray.png [GPU: 0.02 ms]
Processed: img_089.bmp (97x116) -> output/img_089_gray.png [GPU: 0.02 ms]
Processed: img_010.bmp (244x89) -> output/img_010_gray.png [GPU: 0.02 ms]
Processed: img_076.bmp (76x168) -> output/img_076_gray.png [GPU: 0.01 ms]
Processed: img_094.bmp (172x98) -> output/img_094_gray.png [GPU: 0.02 ms]
Processed: img_139.bmp (125x253) -> output/img_139_gray.png [GPU: 0.01 ms]
Processed: img_058.bmp (254x165) -> output/img_058_gray.png [GPU: 0.01 ms]
Processed: img_085.bmp (232x129) -> output/img_085_gray.png [GPU: 0.02 ms]
Processed: img_049.bmp (169x104) -> output/img_049_gray.png [GPU: 0.02 ms]
Processed: img_148.bmp (170x244) -> output/img_148_gray.png [GPU: 0.02 ms]
Processed: img_067.bmp (156x178) -> output/img_067_gray.png [GPU: 0.01 ms]
Processed: img_005.bmp (176x91) -> output/img_005_gray.png [GPU: 0.02 ms]
Processed: img_122.bmp (187x98) -> output/img_122_gray.png [GPU: 0.02 ms]
Processed: img_041.bmp (88x119) -> output/img_041_gray.png [GPU: 0.01 ms]
Processed: img_104.bmp (128x92) -> output/img_104_gray.png [GPU: 0.02 ms]
Processed: img_023.bmp (200x83) -> output/img_023_gray.png [GPU: 0.01 ms]
Processed: img_140.bmp (124x117) -> output/img_140_gray.png [GPU: 0.02 ms]
Processed: img_014.bmp (241x219) -> output/img_014_gray.png [GPU: 0.01 ms]
Processed: img_131.bmp (120x116) -> output/img_131_gray.png [GPU: 0.02 ms]
Processed: img_050.bmp (233x79) -> output/img_050_gray.png [GPU: 0.02 ms]
Processed: img_113.bmp (214x177) -> output/img_113_gray.png [GPU: 0.01 ms]
Processed: img_032.bmp (176x142) -> output/img_032_gray.png [GPU: 0.02 ms]
Processed: img_035.bmp (203x120) -> output/img_035_gray.png [GPU: 0.02 ms]
Processed: img_116.bmp (91x181) -> output/img_116_gray.png [GPU: 0.01 ms]
Processed: img_071.bmp (238x155) -> output/img_071_gray.png [GPU: 0.01 ms]
Processed: img_053.bmp (118x152) -> output/img_053_gray.png [GPU: 0.02 ms]
Processed: img_134.bmp (74x125) -> output/img_134_gray.png [GPU: 0.02 ms]
Processed: img_017.bmp (185x122) -> output/img_017_gray.png [GPU: 0.01 ms]
Processed: img_044.bmp (242x165) -> output/img_044_gray.png [GPU: 0.01 ms]
Processed: img_125.bmp (198x84) -> output/img_125_gray.png [GPU: 0.02 ms]
Processed: img_008.bmp (113x114) -> output/img_008_gray.png [GPU: 0.02 ms]
Processed: img_080.bmp (249x256) -> output/img_080_gray.png [GPU: 0.01 ms]
Processed: img_062.bmp (115x94) -> output/img_062_gray.png [GPU: 0.01 ms]
Processed: img_143.bmp (117x247) -> output/img_143_gray.png [GPU: 0.01 ms]
Processed: img_026.bmp (145x180) -> output/img_026_gray.png [GPU: 0.03 ms]
Processed: img_107.bmp (167x141) -> output/img_107_gray.png [GPU: 0.02 ms]
Processed: img_000.bmp (104x129) -> output/img_000_gray.png [GPU: 0.02 ms]
Processed: img_079.bmp (202x211) -> output/img_079_gray.png [GPU: 0.02 ms]
Processed: img_097.bmp (169x219) -> output/img_097_gray.png [GPU: 0.03 ms]
Processed: img_088.bmp (175x147) -> output/img_088_gray.png [GPU: 0.02 ms]
Processed: img_039.bmp (105x194) -> output/img_039_gray.png [GPU: 0.01 ms]
Processed: img_075.bmp (149x208) -> output/img_075_gray.png [GPU: 0.03 ms]
Processed: img_138.bmp (163x208) -> output/img_138_gray.png [GPU: 0.01 ms]
Processed: img_057.bmp (253x133) -> output/img_057_gray.png [GPU: 0.02 ms]
Processed: img_093.bmp (136x176) -> output/img_093_gray.png [GPU: 0.01 ms]
Processed: img_129.bmp (196x156) -> output/img_129_gray.png [GPU: 0.01 ms]
Processed: img_048.bmp (204x130) -> output/img_048_gray.png [GPU: 0.01 ms]
Processed: img_084.bmp (239x132) -> output/img_084_gray.png [GPU: 0.03 ms]
Processed: img_147.bmp (109x65) -> output/img_147_gray.png [GPU: 0.02 ms]
Processed: img_066.bmp (175x230) -> output/img_066_gray.png [GPU: 0.01 ms]
Processed: img_121.bmp (121x182) -> output/img_121_gray.png [GPU: 0.02 ms]
Processed: img_040.bmp (251x162) -> output/img_040_gray.png [GPU: 0.01 ms]
Processed: img_004.bmp (108x100) -> output/img_004_gray.png [GPU: 0.02 ms]
Processed: img_103.bmp (72x94) -> output/img_103_gray.png [GPU: 0.03 ms]
Processed: img_022.bmp (104x218) -> output/img_022_gray.png [GPU: 0.01 ms]
Processed: img_130.bmp (124x124) -> output/img_130_gray.png [GPU: 0.03 ms]
Processed: img_013.bmp (168x173) -> output/img_013_gray.png [GPU: 0.01 ms]
Processed: img_112.bmp (168x101) -> output/img_112_gray.png [GPU: 0.01 ms]
Processed: img_031.bmp (227x117) -> output/img_031_gray.png [GPU: 0.01 ms]
Processed: img_118.bmp (136x153) -> output/img_118_gray.png [GPU: 0.03 ms]
Processed: img_037.bmp (236x164) -> output/img_037_gray.png [GPU: 0.02 ms]
Processed: img_073.bmp (250x209) -> output/img_073_gray.png [GPU: 0.03 ms]
Processed: img_136.bmp (255x174) -> output/img_136_gray.png [GPU: 0.01 ms]
Processed: img_055.bmp (170x112) -> output/img_055_gray.png [GPU: 0.01 ms]
Processed: img_091.bmp (254x100) -> output/img_091_gray.png [GPU: 0.01 ms]
Processed: img_019.bmp (221x250) -> output/img_019_gray.png [GPU: 0.01 ms]
Processed: img_127.bmp (101x141) -> output/img_127_gray.png [GPU: 0.01 ms]
Processed: img_046.bmp (153x113) -> output/img_046_gray.png [GPU: 0.01 ms]
Processed: img_082.bmp (140x214) -> output/img_082_gray.png [GPU: 0.01 ms]
Processed: img_145.bmp (256x201) -> output/img_145_gray.png [GPU: 0.03 ms]
Processed: img_064.bmp (216x182) -> output/img_064_gray.png [GPU: 0.01 ms]
Processed: img_028.bmp (137x235) -> output/img_028_gray.png [GPU: 0.01 ms]
Processed: img_109.bmp (67x217) -> output/img_109_gray.png [GPU: 0.01 ms]
Processed: img_002.bmp (109x123) -> output/img_002_gray.png [GPU: 0.02 ms]
Processed: img_099.bmp (87x124) -> output/img_099_gray.png [GPU: 0.03 ms]
Processed: img_020.bmp (86x196) -> output/img_020_gray.png [GPU: 0.01 ms]
Processed: img_101.bmp (149x228) -> output/img_101_gray.png [GPU: 0.03 ms]
Processed: img_011.bmp (130x227) -> output/img_011_gray.png [GPU: 0.03 ms]
Processed: img_110.bmp (238x194) -> output/img_110_gray.png [GPU: 0.03 ms]
Processed: img_077.bmp (184x112) -> output/img_077_gray.png [GPU: 0.03 ms]
Processed: img_059.bmp (75x202) -> output/img_059_gray.png [GPU: 0.02 ms]
Processed: img_095.bmp (185x107) -> output/img_095_gray.png [GPU: 0.03 ms]
Processed: img_086.bmp (118x70) -> output/img_086_gray.png [GPU: 0.03 ms]
Processed: img_068.bmp (168x150) -> output/img_068_gray.png [GPU: 0.01 ms]
Processed: img_149.bmp (84x153) -> output/img_149_gray.png [GPU: 0.03 ms]
Processed: img_042.bmp (248x190) -> output/img_042_gray.png [GPU: 0.03 ms]
Processed: img_123.bmp (111x178) -> output/img_123_gray.png [GPU: 0.01 ms]
Processed: img_006.bmp (169x90) -> output/img_006_gray.png [GPU: 0.03 ms]
Processed: img_060.bmp (203x234) -> output/img_060_gray.png [GPU: 0.01 ms]
Processed: img_141.bmp (131x146) -> output/img_141_gray.png [GPU: 0.01 ms]
Processed: img_105.bmp (236x71) -> output/img_105_gray.png [GPU: 0.03 ms]
Processed: img_024.bmp (143x196) -> output/img_024_gray.png [GPU: 0.01 ms]
Processed: img_051.bmp (65x154) -> output/img_051_gray.png [GPU: 0.03 ms]
Processed: img_132.bmp (104x169) -> output/img_132_gray.png [GPU: 0.02 ms]
Processed: img_015.bmp (253x180) -> output/img_015_gray.png [GPU: 0.01 ms]
Processed: img_114.bmp (165x227) -> output/img_114_gray.png [GPU: 0.03 ms]
Processed: img_033.bmp (227x104) -> output/img_033_gray.png [GPU: 0.01 ms]
-------------------------------------------
Total images found: 150
Successfully processed: 150
Failed: 0
Total pixels processed: 3878256
Total GPU kernel time: 2.44 ms
Total wall time: 2457.28 ms
Average GPU time per image: 0.02 ms
Done
